-> SERVER STARTED AT 5/3/2017 9:02:53 AM[09:02:53] Starting...
[09:02:53] Loading resources...
[09:02:53] Starting admin
[09:02:54] Resource admin started!
[09:02:54] Starting freeroam
[09:02:54] Resource freeroam started!
[09:02:54] Starting speedometer
[09:02:54] Resource speedometer started!
[09:02:54] Started! Waiting for connections.
[09:12:38] Initiating connection: [10.0.0.64:55267]
[09:12:38] Processing connection: kayteh (kayteh) [10.0.0.64]
[09:12:38] Connection established: kayteh (kayteh) [10.0.0.64]
[09:12:50] Player disconnected: kayteh (kayteh) [10.0.0.64], reason: Timeout
[09:19:45] Initiating connection: [10.0.0.64:62700]
[09:19:45] Player connection refused: wrong password. (10.0.0.64)
[09:19:47] Initiating connection: [10.0.0.64:49730]
[09:19:47] Player connection refused: wrong password. (10.0.0.64)
[09:20:02] Initiating connection: [10.0.0.64:56788]
[09:20:02] Player connection refused: wrong password. (10.0.0.64)
[09:20:24] Initiating connection: [10.0.0.64:61635]
[09:20:24] Processing connection: kayteh (kayteh) [10.0.0.64]
[09:20:24] Connection established: kayteh (kayteh) [10.0.0.64]
[09:29:21] Terminating...
[09:29:21] Stopping speedometer
[09:29:21] Stopped speedometer!
[09:29:21] Stopping freeroam
[09:29:21] Stopped freeroam!
[09:29:21] Stopping admin
[09:29:21] Stopped admin!
-> SERVER STARTED AT 5/3/2017 9:42:48 AM[09:42:48] Starting...
[09:42:48] Loading resources...
[09:42:48] Starting admin
[09:42:48] Resource admin started!
[09:42:48] Starting freeroam
[09:42:49] Resource freeroam started!
[09:42:49] Starting speedometer
[09:42:49] Resource speedometer started!
[09:42:49] Started! Waiting for connections.
[09:42:52] Initiating connection: [10.0.0.64:51994]
[09:42:52] Processing connection: kayteh (kayteh) [10.0.0.64]
[09:42:52] Connection established: kayteh (kayteh) [10.0.0.64]
[09:51:02] Terminating...
[09:51:02] Stopping speedometer
[09:51:02] Stopped speedometer!
[09:51:02] Stopping freeroam
[09:51:02] Stopped freeroam!
[09:51:02] Stopping admin
[09:51:02] Stopped admin!
-> SERVER STARTED AT 5/3/2017 9:51:03 AM[09:51:03] Starting...
[09:51:04] Loading resources...
[09:51:04] Starting admin
[09:51:04] Resource admin started!
[09:51:04] Starting freeroam
[09:51:04] Resource freeroam started!
[09:51:04] Starting speedometer
[09:51:04] Resource speedometer started!
[09:51:04] Starting rpg
[09:51:04] Stopping freeroam
[09:51:04] Stopped freeroam!
[09:51:05] Database initialized!
[09:51:05] Resource rpg started!
[09:51:05] Started! Waiting for connections.
[09:51:11] Initiating connection: [10.0.0.64:49394]
[09:51:11] Processing connection: kayteh (kayteh) [10.0.0.64]
[09:51:11] Connection established: kayteh (kayteh) [10.0.0.64]
[09:53:57] Terminating...
[09:53:57] Stopping rpg
[09:53:57] Stopped rpg!
[09:53:57] Stopping speedometer
[09:53:57] Stopped speedometer!
[09:53:57] Stopping admin
[09:53:57] Stopped admin!
-> SERVER STARTED AT 5/3/2017 9:53:59 AM[09:53:59] Starting...
[09:54:00] Loading resources...
[09:54:00] Starting admin
[09:54:00] Resource admin started!
[09:54:00] Starting freeroam
[09:54:00] Resource freeroam started!
[09:54:00] Starting speedometer
[09:54:00] Resource speedometer started!
[09:54:00] Starting rpg
[09:54:00] Stopping freeroam
[09:54:00] Stopped freeroam!
[09:54:00] Database initialized!
[09:54:00] Resource rpg started!
[09:54:00] Started! Waiting for connections.
[09:54:05] Initiating connection: [10.0.0.64:56575]
[09:54:05] Processing connection: kayteh (kayteh) [10.0.0.64]
[09:54:05] Connection established: kayteh (kayteh) [10.0.0.64]
[09:58:15] Terminating...
[09:58:15] Stopping rpg
[09:58:15] Stopped rpg!
[09:58:15] Stopping speedometer
[09:58:15] Stopped speedometer!
[09:58:15] Stopping admin
[09:58:15] Stopped admin!
-> SERVER STARTED AT 5/3/2017 10:00:05 AM[10:00:05] Starting...
[10:00:05] Loading resources...
[10:00:05] Starting admin
[10:00:05] Resource admin started!
[10:00:05] Starting freeroam
[10:00:06] Resource freeroam started!
[10:00:06] Starting speedometer
[10:00:06] Resource speedometer started!
[10:00:06] Starting rpg
[10:00:06] Stopping freeroam
[10:00:06] Stopped freeroam!
[10:00:06] Database initialized!
[10:00:06] Resource rpg started!
[10:00:06] Started! Waiting for connections.
[10:00:09] Initiating connection: [10.0.0.64:57899]
[10:00:09] Processing connection: kayteh (kayteh) [10.0.0.64]
[10:00:09] Connection established: kayteh (kayteh) [10.0.0.64]
[10:03:06] Player disconnected: kayteh (kayteh) [10.0.0.64], reason: Timeout
[10:03:08] Terminating...
[10:03:08] Stopping rpg
[10:03:08] Stopped rpg!
[10:03:08] Stopping speedometer
[10:03:08] Stopped speedometer!
[10:03:08] Stopping admin
[10:03:08] Stopped admin!
-> SERVER STARTED AT 5/3/2017 4:52:26 PM[16:52:26] Starting...
[16:52:26] Loading resources...
[16:52:26] Starting admin
[16:52:27] Resource admin started!
[16:52:27] Starting speedometer
[16:52:27] Resource speedometer started!
[16:52:27] Starting saw
[16:52:27] Resource saw started!
[16:52:27] Starting freemode
[16:52:27] ERROR STARTING RESOURCE freemode
[16:52:27] System.IO.FileNotFoundException: Resource does not exist.
  at GTANetworkServer.GameServer.StartResource (System.String resourceName, System.String father) [0x0006e] in <13566cfda3e944de863f8ac823770d4d>:0 
[16:52:27] Started! Waiting for connections.
[16:52:46] Terminating...
[16:52:46] Stopping saw
[16:52:46] Stopped saw!
[16:52:46] Stopping speedometer
[16:52:46] Stopped speedometer!
[16:52:46] Stopping admin
[16:52:46] Stopped admin!
-> SERVER STARTED AT 5/3/2017 4:52:47 PM[16:52:47] Starting...
[16:52:47] Loading resources...
[16:52:47] Starting admin
[16:52:47] Resource admin started!
[16:52:47] Starting speedometer
[16:52:47] Resource speedometer started!
[16:52:47] Starting saw
[16:52:47] Resource saw started!
[16:52:47] Starting freeroam
[16:52:47] Resource freeroam started!
[16:52:47] Started! Waiting for connections.
[16:55:22] Terminating...
[16:55:23] Stopping freeroam
[16:55:23] Stopped freeroam!
[16:55:23] Stopping saw
[16:55:23] Stopped saw!
[16:55:23] Stopping speedometer
[16:55:23] Stopped speedometer!
[16:55:23] Stopping admin
[16:55:23] Stopped admin!
-> SERVER STARTED AT 5/3/2017 4:55:24 PM[16:55:24] Starting...
[16:55:24] Loading resources...
[16:55:24] Starting admin
[16:55:24] Resource admin started!
[16:55:24] Starting speedometer
[16:55:24] Resource speedometer started!
[16:55:24] Starting saw
[16:55:24] Resource saw started!
[16:55:24] Starting freeroam
[16:55:24] Resource freeroam started!
[16:55:24] Started! Waiting for connections.
[16:55:40] Initiating connection: [10.0.0.64:62099]
[16:55:40] Processing connection: kayteh (kayteh) [10.0.0.64]
[16:55:40] Player disconnected: kayteh (kayteh) [10.0.0.64], reason: bye
[16:55:43] Initiating connection: [10.0.0.64:64526]
[16:55:43] Player connection refused: wrong password. (10.0.0.64)
[16:56:13] Initiating connection: [10.0.0.64:56878]
[16:56:13] Processing connection: kayteh (kayteh) [10.0.0.64]
[16:56:14] Connection established: kayteh (kayteh) [10.0.0.64]
[17:01:46] Player disconnected: kayteh (kayteh) [10.0.0.64], reason: Quit
[17:07:26] Initiating connection: [10.0.0.64:55080]
[17:07:26] Processing connection: kayteh (Katie) [10.0.0.64]
[17:07:26] Connection established: kayteh (Katie) [10.0.0.64]
[17:10:49] Player disconnected: kayteh (Katie) [10.0.0.64], reason: Timeout
[17:11:26] Terminating...
[17:11:26] Stopping freeroam
[17:11:26] Stopped freeroam!
[17:11:26] Stopping saw
[17:11:26] Stopped saw!
[17:11:26] Stopping speedometer
[17:11:26] Stopped speedometer!
[17:11:26] Stopping admin
[17:11:26] Stopped admin!
-> SERVER STARTED AT 5/3/2017 5:11:27 PM[17:11:27] Starting...
[17:11:27] Loading resources...
[17:11:27] Starting admin
[17:11:27] Resource admin started!
[17:11:27] Starting speedometer
[17:11:27] Resource speedometer started!
[17:11:27] Starting saw
[17:11:27] Resource saw started!
[17:11:27] Starting freeroam
[17:11:28] Resource freeroam started!
[17:11:28] Started! Waiting for connections.
[17:14:24] Initiating connection: [10.0.0.64:50832]
[17:14:24] Player connection refused: wrong password. (10.0.0.64)
[17:14:28] Initiating connection: [10.0.0.64:61319]
[17:14:28] Processing connection: kayteh (Katie) [10.0.0.64]
[17:14:28] Connection established: kayteh (Katie) [10.0.0.64]
[17:16:48] Player disconnected: kayteh (Katie) [10.0.0.64], reason: Quit
[17:16:57] Terminating...
[17:16:57] Stopping freeroam
[17:16:57] Stopped freeroam!
[17:16:57] Stopping saw
[17:16:57] Stopped saw!
[17:16:57] Stopping speedometer
[17:16:57] Stopped speedometer!
[17:16:57] Stopping admin
[17:16:57] Stopped admin!
-> SERVER STARTED AT 5/3/2017 5:50:41 PM[17:50:41] Starting...
[17:50:41] Loading resources...
[17:50:41] Starting admin
[17:50:42] Resource admin started!
[17:50:42] Starting speedometer
[17:50:42] Resource speedometer started!
[17:50:42] Starting saw
[17:50:42] Resource saw started!
[17:50:42] Starting freeroam
[17:50:42] Resource freeroam started!
[17:50:42] Started! Waiting for connections.
[17:56:53] Initiating connection: [10.0.0.64:61098]
[17:56:53] Processing connection: kayteh (Katie) [10.0.0.64]
[17:56:53] Connection established: kayteh (Katie) [10.0.0.64]
[17:58:12] Terminating...
[17:58:12] Stopping freeroam
[17:58:12] Stopped freeroam!
[17:58:12] Stopping saw
[17:58:12] Stopped saw!
[17:58:12] Stopping speedometer
[17:58:12] Stopped speedometer!
[17:58:12] Stopping admin
[17:58:12] Stopped admin!
-> SERVER STARTED AT 5/3/2017 5:58:12 PM[17:58:12] Starting...
[17:58:12] Loading resources...
[17:58:12] Starting admin
[17:58:13] Resource admin started!
[17:58:13] Starting speedometer
[17:58:13] Resource speedometer started!
[17:58:13] Starting saw
[17:58:13] Resource saw started!
[17:58:13] Starting freeroam
[17:58:13] Resource freeroam started!
[17:58:13] Started! Waiting for connections.
[17:58:28] Initiating connection: [10.0.0.64:61897]
[17:58:28] Processing connection: kayteh (Katie) [10.0.0.64]
[17:58:28] Player disconnected: kayteh (Katie) [10.0.0.64], reason: bye
[17:58:34] Initiating connection: [10.0.0.64:62323]
[17:58:34] Processing connection: kayteh (Katie) [10.0.0.64]
[17:58:34] Connection established: kayteh (Katie) [10.0.0.64]
[18:03:14] Terminating...
[18:03:14] Stopping freeroam
[18:03:14] Stopped freeroam!
[18:03:14] Stopping saw
[18:03:14] Stopped saw!
[18:03:14] Stopping speedometer
[18:03:14] Stopped speedometer!
[18:03:14] Stopping admin
[18:03:14] Stopped admin!
-> SERVER STARTED AT 5/3/2017 6:03:14 PM[18:03:14] Starting...
[18:03:15] Loading resources...
[18:03:15] Starting admin
[18:03:15] Resource admin started!
[18:03:15] Starting speedometer
[18:03:15] Resource speedometer started!
[18:03:15] Starting saw
[18:03:15] ERROR STARTING RESOURCE saw
[18:03:15] System.IO.FileNotFoundException: Could not find file "/Users/katie/Devel/GTA5/server/GTANetwork/resources/saw/SSawServer.cs".
File name: '/Users/katie/Devel/GTA5/server/GTANetwork/resources/saw/SSawServer.cs'
  at System.IO.FileStream..ctor (System.String path, System.IO.FileMode mode, System.IO.FileAccess access, System.IO.FileShare share, System.Int32 bufferSize, System.Boolean anonymous, System.IO.FileOptions options) [0x0021a] in <dbb16e0bacdc4a0f87478e401bc29b6c>:0 
  at System.IO.FileStream..ctor (System.String path, System.IO.FileMode mode, System.IO.FileAccess access, System.IO.FileShare share, System.Int32 bufferSize, System.IO.FileOptions options, System.String msgPath, System.Boolean bFromProxy, System.Boolean useLongPath, System.Boolean checkHost) [0x00000] in <dbb16e0bacdc4a0f87478e401bc29b6c>:0 
  at (wrapper remoting-invoke-with-check) System.IO.FileStream:.ctor (string,System.IO.FileMode,System.IO.FileAccess,System.IO.FileShare,int,System.IO.FileOptions,string,bool,bool,bool)
  at System.IO.StreamReader..ctor (System.String path, System.Text.Encoding encoding, System.Boolean detectEncodingFromByteOrderMarks, System.Int32 bufferSize, System.Boolean checkHost) [0x00079] in <dbb16e0bacdc4a0f87478e401bc29b6c>:0 
  at System.IO.StreamReader..ctor (System.String path, System.Text.Encoding encoding, System.Boolean detectEncodingFromByteOrderMarks, System.Int32 bufferSize) [0x00000] in <dbb16e0bacdc4a0f87478e401bc29b6c>:0 
  at System.IO.StreamReader..ctor (System.String path, System.Boolean detectEncodingFromByteOrderMarks) [0x0000d] in <dbb16e0bacdc4a0f87478e401bc29b6c>:0 
  at System.IO.StreamReader..ctor (System.String path) [0x00000] in <dbb16e0bacdc4a0f87478e401bc29b6c>:0 
  at (wrapper remoting-invoke-with-check) System.IO.StreamReader:.ctor (string)
  at System.IO.File.ReadAllText (System.String path) [0x00000] in <dbb16e0bacdc4a0f87478e401bc29b6c>:0 
  at GTANetworkServer.GameServer.StartResource (System.String resourceName, System.String father) [0x0098f] in <13566cfda3e944de863f8ac823770d4d>:0 
[18:03:15] Starting freeroam
[18:03:15] Resource freeroam started!
[18:03:15] Started! Waiting for connections.
[18:03:35] Terminating...
[18:03:35] Stopping freeroam
[18:03:35] Stopped freeroam!
[18:03:35] Stopping speedometer
[18:03:35] Stopped speedometer!
[18:03:35] Stopping admin
[18:03:35] Stopped admin!
-> SERVER STARTED AT 5/3/2017 6:03:36 PM[18:03:36] Starting...
[18:03:36] Loading resources...
[18:03:36] Starting admin
[18:03:37] Resource admin started!
[18:03:37] Starting speedometer
[18:03:37] Resource speedometer started!
[18:03:37] Starting saw
[18:03:37] ERROR STARTING RESOURCE saw
[18:03:37] System.IO.FileNotFoundException: Could not find file "/Users/katie/Devel/GTA5/server/GTANetwork/resources/saw/SSawContoller.cs".
File name: '/Users/katie/Devel/GTA5/server/GTANetwork/resources/saw/SSawContoller.cs'
  at System.IO.FileStream..ctor (System.String path, System.IO.FileMode mode, System.IO.FileAccess access, System.IO.FileShare share, System.Int32 bufferSize, System.Boolean anonymous, System.IO.FileOptions options) [0x0021a] in <dbb16e0bacdc4a0f87478e401bc29b6c>:0 
  at System.IO.FileStream..ctor (System.String path, System.IO.FileMode mode, System.IO.FileAccess access, System.IO.FileShare share, System.Int32 bufferSize, System.IO.FileOptions options, System.String msgPath, System.Boolean bFromProxy, System.Boolean useLongPath, System.Boolean checkHost) [0x00000] in <dbb16e0bacdc4a0f87478e401bc29b6c>:0 
  at (wrapper remoting-invoke-with-check) System.IO.FileStream:.ctor (string,System.IO.FileMode,System.IO.FileAccess,System.IO.FileShare,int,System.IO.FileOptions,string,bool,bool,bool)
  at System.IO.StreamReader..ctor (System.String path, System.Text.Encoding encoding, System.Boolean detectEncodingFromByteOrderMarks, System.Int32 bufferSize, System.Boolean checkHost) [0x00079] in <dbb16e0bacdc4a0f87478e401bc29b6c>:0 
  at System.IO.StreamReader..ctor (System.String path, System.Text.Encoding encoding, System.Boolean detectEncodingFromByteOrderMarks, System.Int32 bufferSize) [0x00000] in <dbb16e0bacdc4a0f87478e401bc29b6c>:0 
  at System.IO.StreamReader..ctor (System.String path, System.Boolean detectEncodingFromByteOrderMarks) [0x0000d] in <dbb16e0bacdc4a0f87478e401bc29b6c>:0 
  at System.IO.StreamReader..ctor (System.String path) [0x00000] in <dbb16e0bacdc4a0f87478e401bc29b6c>:0 
  at (wrapper remoting-invoke-with-check) System.IO.StreamReader:.ctor (string)
  at System.IO.File.ReadAllText (System.String path) [0x00000] in <dbb16e0bacdc4a0f87478e401bc29b6c>:0 
  at GTANetworkServer.GameServer.StartResource (System.String resourceName, System.String father) [0x0098f] in <13566cfda3e944de863f8ac823770d4d>:0 
[18:03:37] Starting freeroam
[18:03:37] Resource freeroam started!
[18:03:37] Started! Waiting for connections.
[18:03:48] Terminating...
[18:03:48] Stopping freeroam
[18:03:48] Stopped freeroam!
[18:03:48] Stopping speedometer
[18:03:48] Stopped speedometer!
[18:03:48] Stopping admin
[18:03:48] Stopped admin!
-> SERVER STARTED AT 5/3/2017 6:03:48 PM[18:03:48] Starting...
[18:03:48] Loading resources...
[18:03:48] Starting admin
[18:03:49] Resource admin started!
[18:03:49] Starting speedometer
[18:03:49] Resource speedometer started!
[18:03:49] Starting saw
[18:03:49] Error/warning while compiling script!
[18:03:49] Error (CS1520) at 10: Class, struct, or interface method must have a return type
[18:03:49] ERROR STARTING RESOURCE saw
[18:03:49] System.ArgumentNullException: Value cannot be null.
Parameter name: source
  at System.Linq.Enumerable.Select[TSource,TResult] (System.Collections.Generic.IEnumerable`1[T] source, System.Func`2[T,TResult] selector) [0x00010] in <2392cff65f724abaaed9de072f62bc4a>:0 
  at GTANetworkServer.GameServer.StartResource (System.String resourceName, System.String father) [0x00a39] in <13566cfda3e944de863f8ac823770d4d>:0 
[18:03:49] Starting freeroam
[18:03:49] Resource freeroam started!
[18:03:49] Started! Waiting for connections.
[18:04:17] Terminating...
[18:04:17] Stopping freeroam
[18:04:17] Stopped freeroam!
[18:04:17] Stopping speedometer
[18:04:17] Stopped speedometer!
[18:04:17] Stopping admin
[18:04:17] Stopped admin!
-> SERVER STARTED AT 5/3/2017 6:04:17 PM[18:04:17] Starting...
[18:04:18] Loading resources...
[18:04:18] Starting admin
[18:04:18] Resource admin started!
[18:04:18] Starting speedometer
[18:04:18] Resource speedometer started!
[18:04:18] Starting saw
[18:04:18] Error/warning while compiling script!
[18:04:18] Error (CS1061) at 7: Type `GTANetworkServer.API' does not contain a definition for `onPlayerDownload' and no extension method `onPlayerDownload' of type `GTANetworkServer.API' could be found. Are you missing an assembly reference?
[18:04:18] ERROR STARTING RESOURCE saw
[18:04:18] System.ArgumentNullException: Value cannot be null.
Parameter name: source
  at System.Linq.Enumerable.Select[TSource,TResult] (System.Collections.Generic.IEnumerable`1[T] source, System.Func`2[T,TResult] selector) [0x00010] in <2392cff65f724abaaed9de072f62bc4a>:0 
  at GTANetworkServer.GameServer.StartResource (System.String resourceName, System.String father) [0x00a39] in <13566cfda3e944de863f8ac823770d4d>:0 
[18:04:18] Starting freeroam
[18:04:19] Resource freeroam started!
[18:04:19] Started! Waiting for connections.
[18:06:31] Terminating...
[18:06:31] Stopping freeroam
[18:06:31] Stopped freeroam!
[18:06:31] Stopping speedometer
[18:06:31] Stopped speedometer!
[18:06:31] Stopping admin
[18:06:31] Stopped admin!
-> SERVER STARTED AT 5/3/2017 6:07:12 PM[18:07:12] Starting...
[18:07:12] Loading resources...
[18:07:12] Starting admin
[18:07:13] Resource admin started!
[18:07:13] Starting speedometer
[18:07:13] Resource speedometer started!
[18:07:13] Starting saw
[18:07:13] Resource saw started!
[18:07:13] Starting freeroam
[18:07:13] Resource freeroam started!
[18:07:13] Started! Waiting for connections.
[18:07:20] Initiating connection: [10.0.0.64:53291]
[18:07:20] Processing connection: kayteh (Katie) [10.0.0.64]
[18:07:20] Player disconnected: kayteh (Katie) [10.0.0.64], reason: bye
[18:07:24] Initiating connection: [10.0.0.64:64682]
[18:07:24] Processing connection: kayteh (Katie) [10.0.0.64]
[18:07:24] Connection established: kayteh (Katie) [10.0.0.64]
[18:19:59] Stopping saw
[18:19:59] Stopped saw!
[18:19:59] Starting saw
[18:20:00] Resource saw started!
[18:40:29] Stopping saw
[18:40:29] Stopped saw!
[18:40:29] Starting saw
[18:40:29] Error/warning while compiling script!
[18:40:29] Error (CS0103) at 17: The name `player' does not exist in the current context
[18:40:29] ERROR STARTING RESOURCE saw
[18:40:29] System.ArgumentNullException: Value cannot be null.
Parameter name: source
  at System.Linq.Enumerable.Select[TSource,TResult] (System.Collections.Generic.IEnumerable`1[T] source, System.Func`2[T,TResult] selector) [0x00010] in <2392cff65f724abaaed9de072f62bc4a>:0 
  at GTANetworkServer.GameServer.StartResource (System.String resourceName, System.String father) [0x00a39] in <13566cfda3e944de863f8ac823770d4d>:0 
[18:41:11] Starting saw
[18:41:11] Resource saw started!
[18:41:28] Player disconnected: kayteh (Katie) [10.0.0.64], reason: Quit
[18:41:39] Initiating connection: [10.0.0.64:56025]
[18:41:39] Processing connection: kayteh (Katie) [10.0.0.64]
[18:41:39] Player disconnected: kayteh (Katie) [10.0.0.64], reason: bye
[18:41:44] Initiating connection: [10.0.0.64:54293]
[18:41:44] Processing connection: kayteh (Katie) [10.0.0.64]
[18:41:44] Connection established: kayteh (Katie) [10.0.0.64]
[18:56:56] Stopping saw
[18:56:56] Stopped saw!
[18:56:56] Starting saw
[18:56:56] Error/warning while compiling script!
[18:56:56] Error (CS0103) at 19: The name `_skinSelectorCamPos' does not exist in the current context
[18:56:56] Error (CS0103) at 19: The name `_skinSelectorPos' does not exist in the current context
[18:56:56] ERROR STARTING RESOURCE saw
[18:56:56] System.ArgumentNullException: Value cannot be null.
Parameter name: source
  at System.Linq.Enumerable.Select[TSource,TResult] (System.Collections.Generic.IEnumerable`1[T] source, System.Func`2[T,TResult] selector) [0x00010] in <2392cff65f724abaaed9de072f62bc4a>:0 
  at GTANetworkServer.GameServer.StartResource (System.String resourceName, System.String father) [0x00a39] in <13566cfda3e944de863f8ac823770d4d>:0 
[18:57:04] Player disconnected: kayteh (Katie) [10.0.0.64], reason: Quit
[18:57:11] Initiating connection: [10.0.0.64:55576]
[18:57:11] Processing connection: kayteh (Katie) [10.0.0.64]
[18:57:11] Player disconnected: kayteh (Katie) [10.0.0.64], reason: bye
[18:57:16] Initiating connection: [10.0.0.64:49618]
[18:57:16] Processing connection: kayteh (Katie) [10.0.0.64]
[18:57:16] Connection established: kayteh (Katie) [10.0.0.64]
[18:58:02] Stopping freeroam
[18:58:02] Stopped freeroam!
[18:58:11] Player disconnected: kayteh (Katie) [10.0.0.64], reason: Quit
[18:58:19] Initiating connection: [10.0.0.64:50122]
[18:58:19] Processing connection: kayteh (Katie) [10.0.0.64]
[18:58:19] Player disconnected: kayteh (Katie) [10.0.0.64], reason: bye
[18:58:23] Initiating connection: [10.0.0.64:51765]
[18:58:23] Processing connection: kayteh (Katie) [10.0.0.64]
[18:58:23] Connection established: kayteh (Katie) [10.0.0.64]
[18:58:29] Terminating...
[18:58:29] Stopping speedometer
[18:58:29] Stopped speedometer!
[18:58:29] Stopping admin
[18:58:29] Stopped admin!
-> SERVER STARTED AT 5/3/2017 6:59:12 PM[18:59:12] Starting...
[18:59:12] Loading resources...
[18:59:12] Starting admin
[18:59:13] Resource admin started!
[18:59:13] Starting speedometer
[18:59:13] Resource speedometer started!
[18:59:13] Starting saw
[18:59:13] Error/warning while compiling script!
[18:59:13] Error (CS0103) at 19: The name `_skinSelectorCamPos' does not exist in the current context
[18:59:13] Error (CS0103) at 19: The name `_skinSelectorPos' does not exist in the current context
[18:59:13] ERROR STARTING RESOURCE saw
[18:59:13] System.ArgumentNullException: Value cannot be null.
Parameter name: source
  at System.Linq.Enumerable.Select[TSource,TResult] (System.Collections.Generic.IEnumerable`1[T] source, System.Func`2[T,TResult] selector) [0x00010] in <2392cff65f724abaaed9de072f62bc4a>:0 
  at GTANetworkServer.GameServer.StartResource (System.String resourceName, System.String father) [0x00a39] in <13566cfda3e944de863f8ac823770d4d>:0 
[18:59:13] Started! Waiting for connections.
[19:00:00] Terminating...
[19:00:00] Stopping speedometer
[19:00:00] Stopped speedometer!
[19:00:00] Stopping admin
[19:00:00] Stopped admin!
-> SERVER STARTED AT 5/3/2017 7:00:00 PM[19:00:00] Starting...
[19:00:01] Loading resources...
[19:00:01] Starting admin
[19:00:01] Resource admin started!
[19:00:01] Starting speedometer
[19:00:01] Resource speedometer started!
[19:00:01] Starting saw
[19:00:01] Resource saw started!
[19:00:01] Started! Waiting for connections.
[19:00:10] Initiating connection: [10.0.0.64:54909]
[19:00:10] Processing connection: kayteh (Katie) [10.0.0.64]
[19:00:10] Player disconnected: kayteh (Katie) [10.0.0.64], reason: bye
[19:00:14] Initiating connection: [10.0.0.64:49810]
[19:00:14] Processing connection: kayteh (Katie) [10.0.0.64]
[19:00:14] Connection established: kayteh (Katie) [10.0.0.64]
[19:03:13] Stopping saw
[19:03:13] Stopped saw!
[19:03:13] Starting saw
[19:03:13] Resource saw started!
[19:07:09] Stopping saw
[19:07:09] Stopped saw!
[19:07:09] Starting saw
[19:07:09] Resource saw started!
[19:07:43] Stopping saw
[19:07:43] Stopped saw!
[19:07:43] Starting saw
[19:07:43] Resource saw started!
[19:09:35] Stopping saw
[19:09:35] Stopped saw!
[19:09:35] Starting saw
[19:09:35] Resource saw started!
[19:10:00] Stopping saw
[19:10:00] Stopped saw!
[19:10:00] Starting saw
[19:10:01] Resource saw started!
[19:10:06] Stopping saw
[19:10:06] Stopped saw!
[19:10:06] Starting saw
[19:10:07] Resource saw started!
[19:15:44] Stopping saw
[19:15:44] Stopped saw!
[19:15:44] Starting saw
[19:15:44] Resource saw started!
[19:16:02] Stopping saw
[19:16:02] Stopped saw!
[19:16:02] Starting saw
[19:16:02] Resource saw started!
[19:16:16] Stopping saw
[19:16:16] Stopped saw!
[19:16:16] Starting saw
[19:16:16] Resource saw started!
[19:16:39] Stopping saw
[19:16:39] Stopped saw!
[19:16:39] Starting saw
[19:16:39] Resource saw started!
[19:18:55] Stopping saw
[19:18:55] Stopped saw!
[19:18:55] Starting saw
[19:18:55] Error/warning while compiling script!
[19:18:55] Error (CS1501) at 24: No overload for method `freezePlayer' takes `1' arguments
[19:18:55] ERROR STARTING RESOURCE saw
[19:18:55] System.ArgumentNullException: Value cannot be null.
Parameter name: source
  at System.Linq.Enumerable.Select[TSource,TResult] (System.Collections.Generic.IEnumerable`1[T] source, System.Func`2[T,TResult] selector) [0x00010] in <2392cff65f724abaaed9de072f62bc4a>:0 
  at GTANetworkServer.GameServer.StartResource (System.String resourceName, System.String father) [0x00a39] in <13566cfda3e944de863f8ac823770d4d>:0 
[19:19:25] Player disconnected: kayteh (Katie) [10.0.0.64], reason: Quit
[19:19:33] Initiating connection: [10.0.0.64:51037]
[19:19:33] Processing connection: kayteh (Katie) [10.0.0.64]
[19:19:33] Player disconnected: kayteh (Katie) [10.0.0.64], reason: bye
[19:19:36] Initiating connection: [10.0.0.64:53311]
[19:19:36] Processing connection: kayteh (Katie) [10.0.0.64]
[19:19:36] Connection established: kayteh (Katie) [10.0.0.64]
[19:19:53] Starting saw
[19:19:53] Error/warning while compiling script!
[19:19:53] Error (CS1501) at 18: No overload for method `freezePlayer' takes `1' arguments
[19:19:53] ERROR STARTING RESOURCE saw
[19:19:53] System.ArgumentNullException: Value cannot be null.
Parameter name: source
  at System.Linq.Enumerable.Select[TSource,TResult] (System.Collections.Generic.IEnumerable`1[T] source, System.Func`2[T,TResult] selector) [0x00010] in <2392cff65f724abaaed9de072f62bc4a>:0 
  at GTANetworkServer.GameServer.StartResource (System.String resourceName, System.String father) [0x00a39] in <13566cfda3e944de863f8ac823770d4d>:0 
[19:20:21] Starting saw
[19:20:21] Resource saw started!
[19:24:07] Stopping saw
[19:24:07] Stopped saw!
[19:24:07] Starting saw
[19:24:07] Resource saw started!
[19:24:30] Starting freeroam
[19:24:30] Stopping saw
[19:24:30] Stopped saw!
[19:24:30] Resource freeroam started!
[19:26:53] Starting saw
[19:26:53] Stopping freeroam
[19:26:53] Stopped freeroam!
[19:26:53] Resource saw started!
[19:27:06] Stopping saw
[19:27:06] Stopped saw!
[19:27:06] Starting saw
[19:27:07] Resource saw started!
[19:27:10] Katie: get pos
[19:30:02] Stopping saw
[19:30:02] Stopped saw!
[19:30:02] Starting saw
[19:30:03] Error/warning while compiling script!
[19:30:03] Error (CS1056) at 31: Unexpected character `$'
[19:30:03] ERROR STARTING RESOURCE saw
[19:30:03] System.ArgumentNullException: Value cannot be null.
Parameter name: source
  at System.Linq.Enumerable.Select[TSource,TResult] (System.Collections.Generic.IEnumerable`1[T] source, System.Func`2[T,TResult] selector) [0x00010] in <2392cff65f724abaaed9de072f62bc4a>:0 
  at GTANetworkServer.GameServer.StartResource (System.String resourceName, System.String father) [0x00a39] in <13566cfda3e944de863f8ac823770d4d>:0 
[19:30:31] Starting saw
[19:30:31] Resource saw started!
[19:32:17] Stopping saw
[19:32:17] Stopped saw!
[19:32:17] Starting saw
[19:32:17] Error/warning while compiling script!
[19:32:17] Error (CS1525) at 39: Unexpected symbol `API'
[19:32:17] ERROR STARTING RESOURCE saw
[19:32:17] System.ArgumentNullException: Value cannot be null.
Parameter name: source
  at System.Linq.Enumerable.Select[TSource,TResult] (System.Collections.Generic.IEnumerable`1[T] source, System.Func`2[T,TResult] selector) [0x00010] in <2392cff65f724abaaed9de072f62bc4a>:0 
  at GTANetworkServer.GameServer.StartResource (System.String resourceName, System.String father) [0x00a39] in <13566cfda3e944de863f8ac823770d4d>:0 
[19:32:27] Starting saw
[19:32:27] Resource saw started!
[19:52:14] Starting freeroam
[19:52:14] Stopping saw
[19:52:14] Stopped saw!
[19:52:14] Resource freeroam started!
[19:56:42] Starting saw
[19:56:42] Stopping freeroam
[19:56:42] Stopped freeroam!
[19:56:42] Resource saw started!
[20:02:12] Stopping saw
[20:02:12] Stopped saw!
[20:02:12] Starting saw
[20:02:12] Resource saw started!
[20:02:27] Stopping saw
[20:02:27] Stopped saw!
[20:02:27] Starting saw
[20:02:27] Resource saw started!
[20:02:45] Stopping saw
[20:02:45] Stopped saw!
[20:02:45] Starting saw
[20:02:45] Resource saw started!
[20:03:12] Stopping saw
[20:03:12] Stopped saw!
[20:03:12] Starting saw
[20:03:12] Resource saw started!
[20:18:39] Stopping saw
[20:18:39] Stopped saw!
[20:18:39] Starting saw
[20:18:39] Error/warning while compiling script!
[20:18:39] Error (CS1525) at 18: Unexpected symbol `API'
[20:18:39] Error (CS1525) at 45: Unexpected symbol `API'
[20:18:39] ERROR STARTING RESOURCE saw
[20:18:39] System.ArgumentNullException: Value cannot be null.
Parameter name: source
  at System.Linq.Enumerable.Select[TSource,TResult] (System.Collections.Generic.IEnumerable`1[T] source, System.Func`2[T,TResult] selector) [0x00010] in <2392cff65f724abaaed9de072f62bc4a>:0 
  at GTANetworkServer.GameServer.StartResource (System.String resourceName, System.String father) [0x00a39] in <13566cfda3e944de863f8ac823770d4d>:0 
[20:18:56] Starting saw
[20:18:56] Error/warning while compiling script!
[20:18:56] Error (CS1525) at 18: Unexpected symbol `API'
[20:18:56] Error (CS1525) at 45: Unexpected symbol `API'
[20:18:56] ERROR STARTING RESOURCE saw
[20:18:56] System.ArgumentNullException: Value cannot be null.
Parameter name: source
  at System.Linq.Enumerable.Select[TSource,TResult] (System.Collections.Generic.IEnumerable`1[T] source, System.Func`2[T,TResult] selector) [0x00010] in <2392cff65f724abaaed9de072f62bc4a>:0 
  at GTANetworkServer.GameServer.StartResource (System.String resourceName, System.String father) [0x00a39] in <13566cfda3e944de863f8ac823770d4d>:0 
[20:19:47] Starting saw
[20:19:47] Error/warning while compiling script!
[20:19:47] Error (CS1525) at 45: Unexpected symbol `API'
[20:19:47] ERROR STARTING RESOURCE saw
[20:19:47] System.ArgumentNullException: Value cannot be null.
Parameter name: source
  at System.Linq.Enumerable.Select[TSource,TResult] (System.Collections.Generic.IEnumerable`1[T] source, System.Func`2[T,TResult] selector) [0x00010] in <2392cff65f724abaaed9de072f62bc4a>:0 
  at GTANetworkServer.GameServer.StartResource (System.String resourceName, System.String father) [0x00a39] in <13566cfda3e944de863f8ac823770d4d>:0 
[20:19:56] Starting saw
[20:19:57] Error/warning while compiling script!
[20:19:57] Error (CS0103) at 17: The name `sender' does not exist in the current context
[20:19:57] Error (CS0103) at 46: The name `player' does not exist in the current context
[20:19:57] ERROR STARTING RESOURCE saw
[20:19:57] System.ArgumentNullException: Value cannot be null.
Parameter name: source
  at System.Linq.Enumerable.Select[TSource,TResult] (System.Collections.Generic.IEnumerable`1[T] source, System.Func`2[T,TResult] selector) [0x00010] in <2392cff65f724abaaed9de072f62bc4a>:0 
  at GTANetworkServer.GameServer.StartResource (System.String resourceName, System.String father) [0x00a39] in <13566cfda3e944de863f8ac823770d4d>:0 
[20:20:23] Starting saw
[20:20:24] Resource saw started!
[20:30:12] Stopping saw
[20:30:12] Stopped saw!
[20:30:12] Starting saw
[20:30:12] Error/warning while compiling script!
[20:30:12] Error (CS1501) at 47: No overload for method `ResetPlayer' takes `0' arguments
[20:30:12] Error (CS1501) at 48: No overload for method `ActivateSpawnCamera' takes `0' arguments
[20:30:12] ERROR STARTING RESOURCE saw
[20:30:12] System.ArgumentNullException: Value cannot be null.
Parameter name: source
  at System.Linq.Enumerable.Select[TSource,TResult] (System.Collections.Generic.IEnumerable`1[T] source, System.Func`2[T,TResult] selector) [0x00010] in <2392cff65f724abaaed9de072f62bc4a>:0 
  at GTANetworkServer.GameServer.StartResource (System.String resourceName, System.String father) [0x00a39] in <13566cfda3e944de863f8ac823770d4d>:0 
[20:31:58] Starting saw
[20:31:58] Resource saw started!
[20:33:29] Stopping saw
[20:33:29] Stopped saw!
[20:33:29] Starting saw
[20:33:30] Resource saw started!
[20:33:37] Stopping saw
[20:33:37] Stopped saw!
[20:33:37] Starting saw
[20:33:38] Resource saw started!
[20:34:17] Stopping saw
[20:34:17] Stopped saw!
[20:34:17] Starting saw
[20:34:17] Error/warning while compiling script!
[20:34:17] Error (CS0103) at 25: The name `sender' does not exist in the current context
[20:34:17] ERROR STARTING RESOURCE saw
[20:34:17] System.ArgumentNullException: Value cannot be null.
Parameter name: source
  at System.Linq.Enumerable.Select[TSource,TResult] (System.Collections.Generic.IEnumerable`1[T] source, System.Func`2[T,TResult] selector) [0x00010] in <2392cff65f724abaaed9de072f62bc4a>:0 
  at GTANetworkServer.GameServer.StartResource (System.String resourceName, System.String father) [0x00a39] in <13566cfda3e944de863f8ac823770d4d>:0 
[20:34:30] Starting saw
[20:34:30] Resource saw started!
[20:36:08] Stopping saw
[20:36:08] Stopped saw!
[20:36:08] Starting saw
[20:36:08] Resource saw started!
[20:39:01] Stopping saw
[20:39:01] Stopped saw!
[20:39:01] Starting saw
[20:39:01] Resource saw started!
[20:39:09] Stopping saw
[20:39:09] Stopped saw!
[20:39:09] Starting saw
[20:39:09] Resource saw started!
[20:39:39] Stopping saw
[20:39:39] Stopped saw!
[20:39:39] Starting saw
[20:39:39] Resource saw started!
[20:42:06] Stopping saw
[20:42:06] Stopped saw!
[20:42:06] Starting saw
[20:42:06] Resource saw started!
[20:42:25] Stopping saw
[20:42:25] Stopped saw!
[20:42:25] Starting saw
[20:42:26] Resource saw started!
[20:42:40] Stopping saw
[20:42:40] Stopped saw!
[20:42:40] Starting saw
[20:42:40] Resource saw started!
[20:43:21] Stopping saw
[20:43:21] Stopped saw!
[20:43:21] Starting saw
[20:43:21] Resource saw started!
[20:51:21] Stopping saw
[20:51:21] Stopped saw!
[20:51:21] Starting saw
[20:51:22] Resource saw started!
[20:53:19] Stopping saw
[20:53:19] Stopped saw!
[20:53:19] Starting saw
[20:53:19] Error/warning while compiling script!
[20:53:19] Error (CS0103) at 40: The name `player' does not exist in the current context
[20:53:19] Error (CS0103) at 42: The name `player' does not exist in the current context
[20:53:19] ERROR STARTING RESOURCE saw
[20:53:19] System.ArgumentNullException: Value cannot be null.
Parameter name: source
  at System.Linq.Enumerable.Select[TSource,TResult] (System.Collections.Generic.IEnumerable`1[T] source, System.Func`2[T,TResult] selector) [0x00010] in <2392cff65f724abaaed9de072f62bc4a>:0 
  at GTANetworkServer.GameServer.StartResource (System.String resourceName, System.String father) [0x00a39] in <13566cfda3e944de863f8ac823770d4d>:0 
[20:53:44] Starting saw
[20:53:45] Resource saw started!
[21:30:27] Stopping saw
[21:30:27] Stopped saw!
[21:30:27] Starting saw
[21:30:28] Error/warning while compiling script!
[21:30:28] Error (CS0266) at 42: Cannot implicitly convert type `SSawWorld.Wx' to `int'. An explicit conversion exists (are you missing a cast?)
[21:30:28] Error (CS1950) at 52: The best overloaded collection initalizer method `System.Collections.Generic.List<int>.Add(int)' has some invalid arguments
[21:30:28] Error (CS1503) at 52: Argument `#1' cannot convert `SSawWorld.Wx' expression to type `int'
[21:30:28] Error (CS1950) at 53: The best overloaded collection initalizer method `System.Collections.Generic.List<int>.Add(int)' has some invalid arguments
[21:30:28] Error (CS1503) at 53: Argument `#1' cannot convert `SSawWorld.Wx' expression to type `int'
[21:30:28] Error (CS1950) at 54: The best overloaded collection initalizer method `System.Collections.Generic.List<int>.Add(int)' has some invalid arguments
[21:30:28] Error (CS1503) at 54: Argument `#1' cannot convert `SSawWorld.Wx' expression to type `int'
[21:30:28] Error (CS1950) at 55: The best overloaded collection initalizer method `System.Collections.Generic.List<int>.Add(int)' has some invalid arguments
[21:30:28] Error (CS1503) at 55: Argument `#1' cannot convert `SSawWorld.Wx' expression to type `int'
[21:30:28] Error (CS1950) at 56: The best overloaded collection initalizer method `System.Collections.Generic.List<int>.Add(int)' has some invalid arguments
[21:30:28] Error (CS1503) at 56: Argument `#1' cannot convert `SSawWorld.Wx' expression to type `int'
[21:30:28] Error (CS1950) at 57: The best overloaded collection initalizer method `System.Collections.Generic.List<int>.Add(int)' has some invalid arguments
[21:30:28] Error (CS1503) at 57: Argument `#1' cannot convert `SSawWorld.Wx' expression to type `int'
[21:30:28] Error (CS1950) at 58: The best overloaded collection initalizer method `System.Collections.Generic.List<int>.Add(int)' has some invalid arguments
[21:30:28] Error (CS1503) at 58: Argument `#1' cannot convert `SSawWorld.Wx' expression to type `int'
[21:30:28] Error (CS1950) at 59: The best overloaded collection initalizer method `System.Collections.Generic.List<int>.Add(int)' has some invalid arguments
[21:30:28] Error (CS1503) at 59: Argument `#1' cannot convert `SSawWorld.Wx' expression to type `int'
[21:30:28] Error (CS1950) at 60: The best overloaded collection initalizer method `System.Collections.Generic.List<int>.Add(int)' has some invalid arguments
[21:30:28] Error (CS1503) at 60: Argument `#1' cannot convert `SSawWorld.Wx' expression to type `int'
[21:30:28] Error (CS1950) at 61: The best overloaded collection initalizer method `System.Collections.Generic.List<int>.Add(int)' has some invalid arguments
[21:30:28] Error (CS1503) at 61: Argument `#1' cannot convert `SSawWorld.Wx' expression to type `int'
[21:30:28] Error (CS1950) at 66: The best overloaded collection initalizer method `System.Collections.Generic.List<int>.Add(int)' has some invalid arguments
[21:30:28] Error (CS1503) at 66: Argument `#1' cannot convert `SSawWorld.Wx' expression to type `int'
[21:30:28] Error (CS1950) at 67: The best overloaded collection initalizer method `System.Collections.Generic.List<int>.Add(int)' has some invalid arguments
[21:30:28] Error (CS1503) at 67: Argument `#1' cannot convert `SSawWorld.Wx' expression to type `int'
[21:30:28] Error (CS1950) at 68: The best overloaded collection initalizer method `System.Collections.Generic.List<int>.Add(int)' has some invalid arguments
[21:30:28] Error (CS1503) at 68: Argument `#1' cannot convert `SSawWorld.Wx' expression to type `int'
[21:30:28] Error (CS1950) at 69: The best overloaded collection initalizer method `System.Collections.Generic.List<int>.Add(int)' has some invalid arguments
[21:30:28] Error (CS1503) at 69: Argument `#1' cannot convert `SSawWorld.Wx' expression to type `int'
[21:30:28] Error (CS1950) at 70: The best overloaded collection initalizer method `System.Collections.Generic.List<int>.Add(int)' has some invalid arguments
[21:30:28] Error (CS1503) at 70: Argument `#1' cannot convert `SSawWorld.Wx' expression to type `int'
[21:30:28] Error (CS1950) at 71: The best overloaded collection initalizer method `System.Collections.Generic.List<int>.Add(int)' has some invalid arguments
[21:30:28] Error (CS1503) at 71: Argument `#1' cannot convert `SSawWorld.Wx' expression to type `int'
[21:30:28] Error (CS1950) at 72: The best overloaded collection initalizer method `System.Collections.Generic.List<int>.Add(int)' has some invalid arguments
[21:30:28] Error (CS1503) at 72: Argument `#1' cannot convert `SSawWorld.Wx' expression to type `int'
[21:30:28] Error (CS1950) at 77: The best overloaded collection initalizer method `System.Collections.Generic.List<int>.Add(int)' has some invalid arguments
[21:30:28] Error (CS1503) at 77: Argument `#1' cannot convert `SSawWorld.Wx' expression to type `int'
[21:30:28] Error (CS1950) at 78: The best overloaded collection initalizer method `System.Collections.Generic.List<int>.Add(int)' has some invalid arguments
[21:30:28] Error (CS1503) at 78: Argument `#1' cannot convert `SSawWorld.Wx' expression to type `int'
[21:30:28] Error (CS1950) at 79: The best overloaded collection initalizer method `System.Collections.Generic.List<int>.Add(int)' has some invalid arguments
[21:30:28] Error (CS1503) at 79: Argument `#1' cannot convert `SSawWorld.Wx' expression to type `int'
[21:30:28] Error (CS1950) at 80: The best overloaded collection initalizer method `System.Collections.Generic.List<int>.Add(int)' has some invalid arguments
[21:30:28] Error (CS1503) at 80: Argument `#1' cannot convert `SSawWorld.Wx' expression to type `int'
[21:30:28] Error (CS1950) at 81: The best overloaded collection initalizer method `System.Collections.Generic.List<int>.Add(int)' has some invalid arguments
[21:30:28] Error (CS1503) at 81: Argument `#1' cannot convert `SSawWorld.Wx' expression to type `int'
[21:30:28] Error (CS1950) at 86: The best overloaded collection initalizer method `System.Collections.Generic.List<int>.Add(int)' has some invalid arguments
[21:30:28] Error (CS1503) at 86: Argument `#1' cannot convert `SSawWorld.Wx' expression to type `int'
[21:30:28] Error (CS1950) at 87: The best overloaded collection initalizer method `System.Collections.Generic.List<int>.Add(int)' has some invalid arguments
[21:30:28] Error (CS1503) at 87: Argument `#1' cannot convert `SSawWorld.Wx' expression to type `int'
[21:30:28] Error (CS1950) at 88: The best overloaded collection initalizer method `System.Collections.Generic.List<int>.Add(int)' has some invalid arguments
[21:30:28] Error (CS1503) at 88: Argument `#1' cannot convert `SSawWorld.Wx' expression to type `int'
[21:30:28] Error (CS1950) at 89: The best overloaded collection initalizer method `System.Collections.Generic.List<int>.Add(int)' has some invalid arguments
[21:30:28] Error (CS1503) at 89: Argument `#1' cannot convert `SSawWorld.Wx' expression to type `int'
[21:30:28] Error (CS1950) at 90: The best overloaded collection initalizer method `System.Collections.Generic.List<int>.Add(int)' has some invalid arguments
[21:30:28] Error (CS1503) at 90: Argument `#1' cannot convert `SSawWorld.Wx' expression to type `int'
[21:30:28] Error (CS1950) at 91: The best overloaded collection initalizer method `System.Collections.Generic.List<int>.Add(int)' has some invalid arguments
[21:30:28] Error (CS1503) at 91: Argument `#1' cannot convert `SSawWorld.Wx' expression to type `int'
[21:30:28] Error (CS1950) at 92: The best overloaded collection initalizer method `System.Collections.Generic.List<int>.Add(int)' has some invalid arguments
[21:30:28] Error (CS1503) at 92: Argument `#1' cannot convert `SSawWorld.Wx' expression to type `int'
[21:30:28] Error (CS1950) at 97: The best overloaded collection initalizer method `System.Collections.Generic.List<int>.Add(int)' has some invalid arguments
[21:30:28] Error (CS1503) at 97: Argument `#1' cannot convert `SSawWorld.Wx' expression to type `int'
[21:30:28] Error (CS1950) at 98: The best overloaded collection initalizer method `System.Collections.Generic.List<int>.Add(int)' has some invalid arguments
[21:30:28] Error (CS1503) at 98: Argument `#1' cannot convert `SSawWorld.Wx' expression to type `int'
[21:30:28] Error (CS1950) at 99: The best overloaded collection initalizer method `System.Collections.Generic.List<int>.Add(int)' has some invalid arguments
[21:30:28] Error (CS1503) at 99: Argument `#1' cannot convert `SSawWorld.Wx' expression to type `int'
[21:30:28] Error (CS1950) at 100: The best overloaded collection initalizer method `System.Collections.Generic.List<int>.Add(int)' has some invalid arguments
[21:30:28] Error (CS1503) at 100: Argument `#1' cannot convert `SSawWorld.Wx' expression to type `int'
[21:30:28] Error (CS1950) at 101: The best overloaded collection initalizer method `System.Collections.Generic.List<int>.Add(int)' has some invalid arguments
[21:30:28] Error (CS1503) at 101: Argument `#1' cannot convert `SSawWorld.Wx' expression to type `int'
[21:30:28] Error (CS1950) at 102: The best overloaded collection initalizer method `System.Collections.Generic.List<int>.Add(int)' has some invalid arguments
[21:30:28] Error (CS1503) at 102: Argument `#1' cannot convert `SSawWorld.Wx' expression to type `int'
[21:30:28] Error (CS1950) at 103: The best overloaded collection initalizer method `System.Collections.Generic.List<int>.Add(int)' has some invalid arguments
[21:30:28] Error (CS1503) at 103: Argument `#1' cannot convert `SSawWorld.Wx' expression to type `int'
[21:30:28] Error (CS1950) at 104: The best overloaded collection initalizer method `System.Collections.Generic.List<int>.Add(int)' has some invalid arguments
[21:30:28] Error (CS1503) at 104: Argument `#1' cannot convert `SSawWorld.Wx' expression to type `int'
[21:30:28] Error (CS1950) at 109: The best overloaded collection initalizer method `System.Collections.Generic.List<int>.Add(int)' has some invalid arguments
[21:30:28] Error (CS1503) at 109: Argument `#1' cannot convert `SSawWorld.Wx' expression to type `int'
[21:30:28] Error (CS1950) at 110: The best overloaded collection initalizer method `System.Collections.Generic.List<int>.Add(int)' has some invalid arguments
[21:30:28] Error (CS1503) at 110: Argument `#1' cannot convert `SSawWorld.Wx' expression to type `int'
[21:30:28] Error (CS1950) at 111: The best overloaded collection initalizer method `System.Collections.Generic.List<int>.Add(int)' has some invalid arguments
[21:30:28] Error (CS1503) at 111: Argument `#1' cannot convert `SSawWorld.Wx' expression to type `int'
[21:30:28] Error (CS1950) at 112: The best overloaded collection initalizer method `System.Collections.Generic.List<int>.Add(int)' has some invalid arguments
[21:30:28] Error (CS1503) at 112: Argument `#1' cannot convert `SSawWorld.Wx' expression to type `int'
[21:30:28] Error (CS1950) at 113: The best overloaded collection initalizer method `System.Collections.Generic.List<int>.Add(int)' has some invalid arguments
[21:30:28] Error (CS1503) at 113: Argument `#1' cannot convert `SSawWorld.Wx' expression to type `int'
[21:30:28] Error (CS1950) at 114: The best overloaded collection initalizer method `System.Collections.Generic.List<int>.Add(int)' has some invalid arguments
[21:30:28] Error (CS1503) at 114: Argument `#1' cannot convert `SSawWorld.Wx' expression to type `int'
[21:30:28] Error (CS1950) at 115: The best overloaded collection initalizer method `System.Collections.Generic.List<int>.Add(int)' has some invalid arguments
[21:30:28] Error (CS1503) at 115: Argument `#1' cannot convert `SSawWorld.Wx' expression to type `int'
[21:30:28] Error (CS1950) at 116: The best overloaded collection initalizer method `System.Collections.Generic.List<int>.Add(int)' has some invalid arguments
[21:30:28] Error (CS1503) at 116: Argument `#1' cannot convert `SSawWorld.Wx' expression to type `int'
[21:30:28] Error (CS1950) at 117: The best overloaded collection initalizer method `System.Collections.Generic.List<int>.Add(int)' has some invalid arguments
[21:30:28] Error (CS1503) at 117: Argument `#1' cannot convert `SSawWorld.Wx' expression to type `int'
[21:30:28] Error (CS1950) at 122: The best overloaded collection initalizer method `System.Collections.Generic.List<int>.Add(int)' has some invalid arguments
[21:30:28] Error (CS1503) at 122: Argument `#1' cannot convert `SSawWorld.Wx' expression to type `int'
[21:30:28] Error (CS1950) at 123: The best overloaded collection initalizer method `System.Collections.Generic.List<int>.Add(int)' has some invalid arguments
[21:30:28] Error (CS1503) at 123: Argument `#1' cannot convert `SSawWorld.Wx' expression to type `int'
[21:30:28] Error (CS1950) at 124: The best overloaded collection initalizer method `System.Collections.Generic.List<int>.Add(int)' has some invalid arguments
[21:30:28] Error (CS1503) at 124: Argument `#1' cannot convert `SSawWorld.Wx' expression to type `int'
[21:30:28] Error (CS1950) at 125: The best overloaded collection initalizer method `System.Collections.Generic.List<int>.Add(int)' has some invalid arguments
[21:30:28] Error (CS1503) at 125: Argument `#1' cannot convert `SSawWorld.Wx' expression to type `int'
[21:30:28] Error (CS1950) at 126: The best overloaded collection initalizer method `System.Collections.Generic.List<int>.Add(int)' has some invalid arguments
[21:30:28] Error (CS1503) at 126: Argument `#1' cannot convert `SSawWorld.Wx' expression to type `int'
[21:30:28] Error (CS1950) at 127: The best overloaded collection initalizer method `System.Collections.Generic.List<int>.Add(int)' has some invalid arguments
[21:30:28] Error (CS1503) at 127: Argument `#1' cannot convert `SSawWorld.Wx' expression to type `int'
[21:30:28] Error (CS1950) at 128: The best overloaded collection initalizer method `System.Collections.Generic.List<int>.Add(int)' has some invalid arguments
[21:30:28] Error (CS1503) at 128: Argument `#1' cannot convert `SSawWorld.Wx' expression to type `int'
[21:30:28] Error (CS1950) at 129: The best overloaded collection initalizer method `System.Collections.Generic.List<int>.Add(int)' has some invalid arguments
[21:30:28] Error (CS1503) at 129: Argument `#1' cannot convert `SSawWorld.Wx' expression to type `int'
[21:30:28] Error (CS1950) at 130: The best overloaded collection initalizer method `System.Collections.Generic.List<int>.Add(int)' has some invalid arguments
[21:30:28] Error (CS1503) at 130: Argument `#1' cannot convert `SSawWorld.Wx' expression to type `int'
[21:30:28] Error (CS1950) at 135: The best overloaded collection initalizer method `System.Collections.Generic.List<int>.Add(int)' has some invalid arguments
[21:30:28] Error (CS1503) at 135: Argument `#1' cannot convert `SSawWorld.Wx' expression to type `int'
[21:30:28] Error (CS1950) at 136: The best overloaded collection initalizer method `System.Collections.Generic.List<int>.Add(int)' has some invalid arguments
[21:30:28] Error (CS1503) at 136: Argument `#1' cannot convert `SSawWorld.Wx' expression to type `int'
[21:30:28] Error (CS1950) at 137: The best overloaded collection initalizer method `System.Collections.Generic.List<int>.Add(int)' has some invalid arguments
[21:30:28] Error (CS1503) at 137: Argument `#1' cannot convert `SSawWorld.Wx' expression to type `int'
[21:30:28] Error (CS1950) at 138: The best overloaded collection initalizer method `System.Collections.Generic.List<int>.Add(int)' has some invalid arguments
[21:30:28] Error (CS1503) at 138: Argument `#1' cannot convert `SSawWorld.Wx' expression to type `int'
[21:30:28] Error (CS1950) at 139: The best overloaded collection initalizer method `System.Collections.Generic.List<int>.Add(int)' has some invalid arguments
[21:30:28] Error (CS1503) at 139: Argument `#1' cannot convert `SSawWorld.Wx' expression to type `int'
[21:30:28] Error (CS1950) at 140: The best overloaded collection initalizer method `System.Collections.Generic.List<int>.Add(int)' has some invalid arguments
[21:30:28] Error (CS1503) at 140: Argument `#1' cannot convert `SSawWorld.Wx' expression to type `int'
[21:30:28] Error (CS1950) at 141: The best overloaded collection initalizer method `System.Collections.Generic.List<int>.Add(int)' has some invalid arguments
[21:30:28] Error (CS1503) at 141: Argument `#1' cannot convert `SSawWorld.Wx' expression to type `int'
[21:30:28] ERROR STARTING RESOURCE saw
[21:30:28] System.ArgumentNullException: Value cannot be null.
Parameter name: source
  at System.Linq.Enumerable.Select[TSource,TResult] (System.Collections.Generic.IEnumerable`1[T] source, System.Func`2[T,TResult] selector) [0x00010] in <2392cff65f724abaaed9de072f62bc4a>:0 
  at GTANetworkServer.GameServer.StartResource (System.String resourceName, System.String father) [0x00a39] in <13566cfda3e944de863f8ac823770d4d>:0 
[21:31:24] Starting saw
[21:31:24] Error/warning while compiling script!
[21:31:24] Error (CS0266) at 43: Cannot implicitly convert type `SSawWorld.Wx' to `int'. An explicit conversion exists (are you missing a cast?)
[21:31:24] Error (CS0176) at 155: Static member `System.DateTime.Now' cannot be accessed with an instance reference, qualify it with a type name instead
[21:31:24] Error (CS1955) at 155: The member `System.DateTime.Now' cannot be used as method or delegate
[21:31:24] ERROR STARTING RESOURCE saw
[21:31:24] System.ArgumentNullException: Value cannot be null.
Parameter name: source
  at System.Linq.Enumerable.Select[TSource,TResult] (System.Collections.Generic.IEnumerable`1[T] source, System.Func`2[T,TResult] selector) [0x00010] in <2392cff65f724abaaed9de072f62bc4a>:0 
  at GTANetworkServer.GameServer.StartResource (System.String resourceName, System.String father) [0x00a39] in <13566cfda3e944de863f8ac823770d4d>:0 
[21:33:22] Starting saw
[21:33:22] Error/warning while compiling script!
[21:33:22] Error (CS0266) at 43: Cannot implicitly convert type `SSawWorld.Wx' to `int'. An explicit conversion exists (are you missing a cast?)
[21:33:22] Error (CS1950) at 53: The best overloaded collection initalizer method `System.Collections.Generic.List<int>.Add(int)' has some invalid arguments
[21:33:22] Error (CS1503) at 53: Argument `#1' cannot convert `SSawWorld.Wx' expression to type `int'
[21:33:22] Error (CS1950) at 54: The best overloaded collection initalizer method `System.Collections.Generic.List<int>.Add(int)' has some invalid arguments
[21:33:22] Error (CS1503) at 54: Argument `#1' cannot convert `SSawWorld.Wx' expression to type `int'
[21:33:22] Error (CS1950) at 55: The best overloaded collection initalizer method `System.Collections.Generic.List<int>.Add(int)' has some invalid arguments
[21:33:22] Error (CS1503) at 55: Argument `#1' cannot convert `SSawWorld.Wx' expression to type `int'
[21:33:22] Error (CS1950) at 56: The best overloaded collection initalizer method `System.Collections.Generic.List<int>.Add(int)' has some invalid arguments
[21:33:22] Error (CS1503) at 56: Argument `#1' cannot convert `SSawWorld.Wx' expression to type `int'
[21:33:22] Error (CS1950) at 57: The best overloaded collection initalizer method `System.Collections.Generic.List<int>.Add(int)' has some invalid arguments
[21:33:22] Error (CS1503) at 57: Argument `#1' cannot convert `SSawWorld.Wx' expression to type `int'
[21:33:22] Error (CS1950) at 58: The best overloaded collection initalizer method `System.Collections.Generic.List<int>.Add(int)' has some invalid arguments
[21:33:22] Error (CS1503) at 58: Argument `#1' cannot convert `SSawWorld.Wx' expression to type `int'
[21:33:22] Error (CS1950) at 59: The best overloaded collection initalizer method `System.Collections.Generic.List<int>.Add(int)' has some invalid arguments
[21:33:22] Error (CS1503) at 59: Argument `#1' cannot convert `SSawWorld.Wx' expression to type `int'
[21:33:22] Error (CS1950) at 60: The best overloaded collection initalizer method `System.Collections.Generic.List<int>.Add(int)' has some invalid arguments
[21:33:22] Error (CS1503) at 60: Argument `#1' cannot convert `SSawWorld.Wx' expression to type `int'
[21:33:22] Error (CS1950) at 61: The best overloaded collection initalizer method `System.Collections.Generic.List<int>.Add(int)' has some invalid arguments
[21:33:22] Error (CS1503) at 61: Argument `#1' cannot convert `SSawWorld.Wx' expression to type `int'
[21:33:22] Error (CS1950) at 62: The best overloaded collection initalizer method `System.Collections.Generic.List<int>.Add(int)' has some invalid arguments
[21:33:22] Error (CS1503) at 62: Argument `#1' cannot convert `SSawWorld.Wx' expression to type `int'
[21:33:22] Error (CS1950) at 67: The best overloaded collection initalizer method `System.Collections.Generic.List<int>.Add(int)' has some invalid arguments
[21:33:22] Error (CS1503) at 67: Argument `#1' cannot convert `SSawWorld.Wx' expression to type `int'
[21:33:22] Error (CS1950) at 68: The best overloaded collection initalizer method `System.Collections.Generic.List<int>.Add(int)' has some invalid arguments
[21:33:22] Error (CS1503) at 68: Argument `#1' cannot convert `SSawWorld.Wx' expression to type `int'
[21:33:22] Error (CS1950) at 69: The best overloaded collection initalizer method `System.Collections.Generic.List<int>.Add(int)' has some invalid arguments
[21:33:22] Error (CS1503) at 69: Argument `#1' cannot convert `SSawWorld.Wx' expression to type `int'
[21:33:22] Error (CS1950) at 70: The best overloaded collection initalizer method `System.Collections.Generic.List<int>.Add(int)' has some invalid arguments
[21:33:22] Error (CS1503) at 70: Argument `#1' cannot convert `SSawWorld.Wx' expression to type `int'
[21:33:22] Error (CS1950) at 71: The best overloaded collection initalizer method `System.Collections.Generic.List<int>.Add(int)' has some invalid arguments
[21:33:22] Error (CS1503) at 71: Argument `#1' cannot convert `SSawWorld.Wx' expression to type `int'
[21:33:22] Error (CS1950) at 72: The best overloaded collection initalizer method `System.Collections.Generic.List<int>.Add(int)' has some invalid arguments
[21:33:22] Error (CS1503) at 72: Argument `#1' cannot convert `SSawWorld.Wx' expression to type `int'
[21:33:22] Error (CS1950) at 73: The best overloaded collection initalizer method `System.Collections.Generic.List<int>.Add(int)' has some invalid arguments
[21:33:22] Error (CS1503) at 73: Argument `#1' cannot convert `SSawWorld.Wx' expression to type `int'
[21:33:22] Error (CS1950) at 78: The best overloaded collection initalizer method `System.Collections.Generic.List<int>.Add(int)' has some invalid arguments
[21:33:22] Error (CS1503) at 78: Argument `#1' cannot convert `SSawWorld.Wx' expression to type `int'
[21:33:22] Error (CS1950) at 79: The best overloaded collection initalizer method `System.Collections.Generic.List<int>.Add(int)' has some invalid arguments
[21:33:22] Error (CS1503) at 79: Argument `#1' cannot convert `SSawWorld.Wx' expression to type `int'
[21:33:22] Error (CS1950) at 80: The best overloaded collection initalizer method `System.Collections.Generic.List<int>.Add(int)' has some invalid arguments
[21:33:22] Error (CS1503) at 80: Argument `#1' cannot convert `SSawWorld.Wx' expression to type `int'
[21:33:22] Error (CS1950) at 81: The best overloaded collection initalizer method `System.Collections.Generic.List<int>.Add(int)' has some invalid arguments
[21:33:22] Error (CS1503) at 81: Argument `#1' cannot convert `SSawWorld.Wx' expression to type `int'
[21:33:22] Error (CS1950) at 82: The best overloaded collection initalizer method `System.Collections.Generic.List<int>.Add(int)' has some invalid arguments
[21:33:22] Error (CS1503) at 82: Argument `#1' cannot convert `SSawWorld.Wx' expression to type `int'
[21:33:22] Error (CS1950) at 87: The best overloaded collection initalizer method `System.Collections.Generic.List<int>.Add(int)' has some invalid arguments
[21:33:22] Error (CS1503) at 87: Argument `#1' cannot convert `SSawWorld.Wx' expression to type `int'
[21:33:22] Error (CS1950) at 88: The best overloaded collection initalizer method `System.Collections.Generic.List<int>.Add(int)' has some invalid arguments
[21:33:22] Error (CS1503) at 88: Argument `#1' cannot convert `SSawWorld.Wx' expression to type `int'
[21:33:22] Error (CS1950) at 89: The best overloaded collection initalizer method `System.Collections.Generic.List<int>.Add(int)' has some invalid arguments
[21:33:22] Error (CS1503) at 89: Argument `#1' cannot convert `SSawWorld.Wx' expression to type `int'
[21:33:22] Error (CS1950) at 90: The best overloaded collection initalizer method `System.Collections.Generic.List<int>.Add(int)' has some invalid arguments
[21:33:22] Error (CS1503) at 90: Argument `#1' cannot convert `SSawWorld.Wx' expression to type `int'
[21:33:22] Error (CS1950) at 91: The best overloaded collection initalizer method `System.Collections.Generic.List<int>.Add(int)' has some invalid arguments
[21:33:22] Error (CS1503) at 91: Argument `#1' cannot convert `SSawWorld.Wx' expression to type `int'
[21:33:22] Error (CS1950) at 92: The best overloaded collection initalizer method `System.Collections.Generic.List<int>.Add(int)' has some invalid arguments
[21:33:22] Error (CS1503) at 92: Argument `#1' cannot convert `SSawWorld.Wx' expression to type `int'
[21:33:22] Error (CS1950) at 93: The best overloaded collection initalizer method `System.Collections.Generic.List<int>.Add(int)' has some invalid arguments
[21:33:22] Error (CS1503) at 93: Argument `#1' cannot convert `SSawWorld.Wx' expression to type `int'
[21:33:22] Error (CS1950) at 98: The best overloaded collection initalizer method `System.Collections.Generic.List<int>.Add(int)' has some invalid arguments
[21:33:22] Error (CS1503) at 98: Argument `#1' cannot convert `SSawWorld.Wx' expression to type `int'
[21:33:22] Error (CS1950) at 99: The best overloaded collection initalizer method `System.Collections.Generic.List<int>.Add(int)' has some invalid arguments
[21:33:22] Error (CS1503) at 99: Argument `#1' cannot convert `SSawWorld.Wx' expression to type `int'
[21:33:22] Error (CS1950) at 100: The best overloaded collection initalizer method `System.Collections.Generic.List<int>.Add(int)' has some invalid arguments
[21:33:22] Error (CS1503) at 100: Argument `#1' cannot convert `SSawWorld.Wx' expression to type `int'
[21:33:22] Error (CS1950) at 101: The best overloaded collection initalizer method `System.Collections.Generic.List<int>.Add(int)' has some invalid arguments
[21:33:22] Error (CS1503) at 101: Argument `#1' cannot convert `SSawWorld.Wx' expression to type `int'
[21:33:22] Error (CS1950) at 102: The best overloaded collection initalizer method `System.Collections.Generic.List<int>.Add(int)' has some invalid arguments
[21:33:22] Error (CS1503) at 102: Argument `#1' cannot convert `SSawWorld.Wx' expression to type `int'
[21:33:22] Error (CS1950) at 103: The best overloaded collection initalizer method `System.Collections.Generic.List<int>.Add(int)' has some invalid arguments
[21:33:22] Error (CS1503) at 103: Argument `#1' cannot convert `SSawWorld.Wx' expression to type `int'
[21:33:22] Error (CS1950) at 104: The best overloaded collection initalizer method `System.Collections.Generic.List<int>.Add(int)' has some invalid arguments
[21:33:22] Error (CS1503) at 104: Argument `#1' cannot convert `SSawWorld.Wx' expression to type `int'
[21:33:22] Error (CS1950) at 105: The best overloaded collection initalizer method `System.Collections.Generic.List<int>.Add(int)' has some invalid arguments
[21:33:22] Error (CS1503) at 105: Argument `#1' cannot convert `SSawWorld.Wx' expression to type `int'
[21:33:22] Error (CS1950) at 110: The best overloaded collection initalizer method `System.Collections.Generic.List<int>.Add(int)' has some invalid arguments
[21:33:22] Error (CS1503) at 110: Argument `#1' cannot convert `SSawWorld.Wx' expression to type `int'
[21:33:22] Error (CS1950) at 111: The best overloaded collection initalizer method `System.Collections.Generic.List<int>.Add(int)' has some invalid arguments
[21:33:22] Error (CS1503) at 111: Argument `#1' cannot convert `SSawWorld.Wx' expression to type `int'
[21:33:22] Error (CS1950) at 112: The best overloaded collection initalizer method `System.Collections.Generic.List<int>.Add(int)' has some invalid arguments
[21:33:22] Error (CS1503) at 112: Argument `#1' cannot convert `SSawWorld.Wx' expression to type `int'
[21:33:22] Error (CS1950) at 113: The best overloaded collection initalizer method `System.Collections.Generic.List<int>.Add(int)' has some invalid arguments
[21:33:22] Error (CS1503) at 113: Argument `#1' cannot convert `SSawWorld.Wx' expression to type `int'
[21:33:22] Error (CS1950) at 114: The best overloaded collection initalizer method `System.Collections.Generic.List<int>.Add(int)' has some invalid arguments
[21:33:22] Error (CS1503) at 114: Argument `#1' cannot convert `SSawWorld.Wx' expression to type `int'
[21:33:22] Error (CS1950) at 115: The best overloaded collection initalizer method `System.Collections.Generic.List<int>.Add(int)' has some invalid arguments
[21:33:22] Error (CS1503) at 115: Argument `#1' cannot convert `SSawWorld.Wx' expression to type `int'
[21:33:22] Error (CS1950) at 116: The best overloaded collection initalizer method `System.Collections.Generic.List<int>.Add(int)' has some invalid arguments
[21:33:22] Error (CS1503) at 116: Argument `#1' cannot convert `SSawWorld.Wx' expression to type `int'
[21:33:22] Error (CS1950) at 117: The best overloaded collection initalizer method `System.Collections.Generic.List<int>.Add(int)' has some invalid arguments
[21:33:22] Error (CS1503) at 117: Argument `#1' cannot convert `SSawWorld.Wx' expression to type `int'
[21:33:22] Error (CS1950) at 118: The best overloaded collection initalizer method `System.Collections.Generic.List<int>.Add(int)' has some invalid arguments
[21:33:22] Error (CS1503) at 118: Argument `#1' cannot convert `SSawWorld.Wx' expression to type `int'
[21:33:22] Error (CS1950) at 123: The best overloaded collection initalizer method `System.Collections.Generic.List<int>.Add(int)' has some invalid arguments
[21:33:22] Error (CS1503) at 123: Argument `#1' cannot convert `SSawWorld.Wx' expression to type `int'
[21:33:22] Error (CS1950) at 124: The best overloaded collection initalizer method `System.Collections.Generic.List<int>.Add(int)' has some invalid arguments
[21:33:22] Error (CS1503) at 124: Argument `#1' cannot convert `SSawWorld.Wx' expression to type `int'
[21:33:22] Error (CS1950) at 125: The best overloaded collection initalizer method `System.Collections.Generic.List<int>.Add(int)' has some invalid arguments
[21:33:22] Error (CS1503) at 125: Argument `#1' cannot convert `SSawWorld.Wx' expression to type `int'
[21:33:22] Error (CS1950) at 126: The best overloaded collection initalizer method `System.Collections.Generic.List<int>.Add(int)' has some invalid arguments
[21:33:22] Error (CS1503) at 126: Argument `#1' cannot convert `SSawWorld.Wx' expression to type `int'
[21:33:22] Error (CS1950) at 127: The best overloaded collection initalizer method `System.Collections.Generic.List<int>.Add(int)' has some invalid arguments
[21:33:22] Error (CS1503) at 127: Argument `#1' cannot convert `SSawWorld.Wx' expression to type `int'
[21:33:22] Error (CS1950) at 128: The best overloaded collection initalizer method `System.Collections.Generic.List<int>.Add(int)' has some invalid arguments
[21:33:22] Error (CS1503) at 128: Argument `#1' cannot convert `SSawWorld.Wx' expression to type `int'
[21:33:22] Error (CS1950) at 129: The best overloaded collection initalizer method `System.Collections.Generic.List<int>.Add(int)' has some invalid arguments
[21:33:22] Error (CS1503) at 129: Argument `#1' cannot convert `SSawWorld.Wx' expression to type `int'
[21:33:22] Error (CS1950) at 130: The best overloaded collection initalizer method `System.Collections.Generic.List<int>.Add(int)' has some invalid arguments
[21:33:22] Error (CS1503) at 130: Argument `#1' cannot convert `SSawWorld.Wx' expression to type `int'
[21:33:22] Error (CS1950) at 131: The best overloaded collection initalizer method `System.Collections.Generic.List<int>.Add(int)' has some invalid arguments
[21:33:22] Error (CS1503) at 131: Argument `#1' cannot convert `SSawWorld.Wx' expression to type `int'
[21:33:22] Error (CS1950) at 136: The best overloaded collection initalizer method `System.Collections.Generic.List<int>.Add(int)' has some invalid arguments
[21:33:22] Error (CS1503) at 136: Argument `#1' cannot convert `SSawWorld.Wx' expression to type `int'
[21:33:22] Error (CS1950) at 137: The best overloaded collection initalizer method `System.Collections.Generic.List<int>.Add(int)' has some invalid arguments
[21:33:22] Error (CS1503) at 137: Argument `#1' cannot convert `SSawWorld.Wx' expression to type `int'
[21:33:22] Error (CS1950) at 138: The best overloaded collection initalizer method `System.Collections.Generic.List<int>.Add(int)' has some invalid arguments
[21:33:22] Error (CS1503) at 138: Argument `#1' cannot convert `SSawWorld.Wx' expression to type `int'
[21:33:22] Error (CS1950) at 139: The best overloaded collection initalizer method `System.Collections.Generic.List<int>.Add(int)' has some invalid arguments
[21:33:22] Error (CS1503) at 139: Argument `#1' cannot convert `SSawWorld.Wx' expression to type `int'
[21:33:22] Error (CS1950) at 140: The best overloaded collection initalizer method `System.Collections.Generic.List<int>.Add(int)' has some invalid arguments
[21:33:22] Error (CS1503) at 140: Argument `#1' cannot convert `SSawWorld.Wx' expression to type `int'
[21:33:22] Error (CS1950) at 141: The best overloaded collection initalizer method `System.Collections.Generic.List<int>.Add(int)' has some invalid arguments
[21:33:22] Error (CS1503) at 141: Argument `#1' cannot convert `SSawWorld.Wx' expression to type `int'
[21:33:22] Error (CS1950) at 142: The best overloaded collection initalizer method `System.Collections.Generic.List<int>.Add(int)' has some invalid arguments
[21:33:22] Error (CS1503) at 142: Argument `#1' cannot convert `SSawWorld.Wx' expression to type `int'
[21:33:22] Error (CS0176) at 155: Static member `System.DateTime.Now' cannot be accessed with an instance reference, qualify it with a type name instead
[21:33:22] Error (CS1955) at 155: The member `System.DateTime.Now' cannot be used as method or delegate
[21:33:22] ERROR STARTING RESOURCE saw
[21:33:22] System.ArgumentNullException: Value cannot be null.
Parameter name: source
  at System.Linq.Enumerable.Select[TSource,TResult] (System.Collections.Generic.IEnumerable`1[T] source, System.Func`2[T,TResult] selector) [0x00010] in <2392cff65f724abaaed9de072f62bc4a>:0 
  at GTANetworkServer.GameServer.StartResource (System.String resourceName, System.String father) [0x00a39] in <13566cfda3e944de863f8ac823770d4d>:0 
[21:38:15] Starting saw
[21:38:15] Error/warning while compiling script!
[21:38:15] Error (CS0176) at 154: Static member `System.DateTime.Now' cannot be accessed with an instance reference, qualify it with a type name instead
[21:38:15] Error (CS1955) at 154: The member `System.DateTime.Now' cannot be used as method or delegate
[21:38:15] ERROR STARTING RESOURCE saw
[21:38:15] System.ArgumentNullException: Value cannot be null.
Parameter name: source
  at System.Linq.Enumerable.Select[TSource,TResult] (System.Collections.Generic.IEnumerable`1[T] source, System.Func`2[T,TResult] selector) [0x00010] in <2392cff65f724abaaed9de072f62bc4a>:0 
  at GTANetworkServer.GameServer.StartResource (System.String resourceName, System.String father) [0x00a39] in <13566cfda3e944de863f8ac823770d4d>:0 
[21:40:37] Starting saw
[21:40:37] Error/warning while compiling script!
[21:40:37] Error (CS0118) at 154: `System.DateTime.Now' is a `Unresolved' but a `type' was expected
[21:40:37] ERROR STARTING RESOURCE saw
[21:40:37] System.ArgumentNullException: Value cannot be null.
Parameter name: source
  at System.Linq.Enumerable.Select[TSource,TResult] (System.Collections.Generic.IEnumerable`1[T] source, System.Func`2[T,TResult] selector) [0x00010] in <2392cff65f724abaaed9de072f62bc4a>:0 
  at GTANetworkServer.GameServer.StartResource (System.String resourceName, System.String father) [0x00a39] in <13566cfda3e944de863f8ac823770d4d>:0 
[21:41:22] Starting saw
[21:41:22] Error/warning while compiling script!
[21:41:22] Error (CS1525) at 154: Unexpected symbol `;', expecting `(', `[', or `{'
[21:41:22] ERROR STARTING RESOURCE saw
[21:41:22] System.ArgumentNullException: Value cannot be null.
Parameter name: source
  at System.Linq.Enumerable.Select[TSource,TResult] (System.Collections.Generic.IEnumerable`1[T] source, System.Func`2[T,TResult] selector) [0x00010] in <2392cff65f724abaaed9de072f62bc4a>:0 
  at GTANetworkServer.GameServer.StartResource (System.String resourceName, System.String father) [0x00a39] in <13566cfda3e944de863f8ac823770d4d>:0 
[21:41:44] Starting saw
[21:41:44] Resource saw started!
[21:41:51] Stopping saw
[21:41:51] Stopped saw!
[21:41:51] Starting saw
[21:41:51] Resource saw started!
[21:42:45] Stopping saw
[21:42:45] Stopped saw!
[21:42:45] Starting saw
[21:42:46] Resource saw started!
[21:42:49] Stopping saw
[21:42:49] Stopped saw!
[21:42:49] Starting saw
[21:42:50] Resource saw started!
[22:04:43] Player disconnected: kayteh (Katie) [10.0.0.64], reason: Quit
[22:04:53] Initiating connection: [10.0.0.64:64703]
[22:04:53] Processing connection: kayteh (Katie) [10.0.0.64]
[22:04:53] Player disconnected: kayteh (Katie) [10.0.0.64], reason: bye
[22:04:57] Initiating connection: [10.0.0.64:51392]
[22:04:57] Processing connection: kayteh (Katie) [10.0.0.64]
[22:04:57] Connection established: kayteh (Katie) [10.0.0.64]
[22:05:54] Stopping saw
[22:05:54] Stopped saw!
[22:05:54] Starting saw
[22:05:55] Resource saw started!
[22:07:42] Terminating...
[22:07:42] Stopping saw
[22:07:42] Stopped saw!
[22:07:42] Stopping speedometer
[22:07:42] Stopped speedometer!
[22:07:42] Stopping admin
[22:07:42] Stopped admin!
-> SERVER STARTED AT 5/3/2017 10:07:44 PM[22:07:44] Starting...
[22:07:45] Loading resources...
[22:07:45] Starting admin
[22:07:45] Resource admin started!
[22:07:45] Starting speedometer
[22:07:45] Resource speedometer started!
[22:07:45] Starting saw
[22:07:45] Resource saw started!
[22:07:45] Started! Waiting for connections.
[22:13:05] Initiating connection: [10.0.0.64:56430]
[22:13:05] Player connection refused: wrong password. (10.0.0.64)
[22:13:09] Initiating connection: [10.0.0.64:59605]
[22:13:09] Processing connection: kayteh (Katie) [10.0.0.64]
[22:13:10] Connection established: kayteh (Katie) [10.0.0.64]
[22:14:41] Player disconnected: kayteh (Katie) [10.0.0.64], reason: Switching servers
[22:14:46] Initiating connection: [10.0.0.64:57940]
[22:14:46] Processing connection: kayteh (Katie) [10.0.0.64]
[22:14:46] Player disconnected: kayteh (Katie) [10.0.0.64], reason: bye
[22:14:49] Initiating connection: [10.0.0.64:63741]
[22:14:49] Processing connection: kayteh (Katie) [10.0.0.64]
[22:14:49] Connection established: kayteh (Katie) [10.0.0.64]
[22:16:33] Stopping saw
[22:16:33] Stopped saw!
[22:16:33] Starting saw
[22:16:33] Resource saw started!
[22:17:41] Stopping saw
[22:17:41] Stopped saw!
[22:17:41] Starting saw
[22:17:42] Resource saw started!
[22:17:48] Player disconnected: kayteh (Katie) [10.0.0.64], reason: Switching servers
[22:17:50] Initiating connection: [10.0.0.64:49192]
[22:17:50] Player connection refused: wrong password. (10.0.0.64)
[22:17:53] Initiating connection: [10.0.0.64:51980]
[22:17:53] Processing connection: kayteh (Katie) [10.0.0.64]
[22:17:53] Connection established: kayteh (Katie) [10.0.0.64]
[22:18:50] Stopping saw
[22:18:50] Stopped saw!
[22:18:50] Starting saw
[22:18:50] Resource saw started!
[22:19:04] Player disconnected: kayteh (Katie) [10.0.0.64], reason: Switching servers
[22:19:06] Initiating connection: [10.0.0.64:63751]
[22:19:06] Player connection refused: wrong password. (10.0.0.64)
[22:19:10] Initiating connection: [10.0.0.64:65395]
[22:19:10] Processing connection: kayteh (Katie) [10.0.0.64]
[22:19:10] Connection established: kayteh (Katie) [10.0.0.64]
[22:22:36] Stopping saw
[22:22:36] Stopped saw!
[22:22:36] Starting saw
[22:22:36] Resource saw started!
[22:22:47] Stopping saw
[22:22:47] Stopped saw!
[22:22:47] Starting saw
[22:22:48] Resource saw started!
[22:38:46] Stopping saw
[22:38:46] Stopped saw!
[22:38:46] Starting saw
[22:38:47] Error/warning while compiling script!
[22:38:47] Error (CS0236) at 24: A field initializer cannot reference the nonstatic field, method, or property `SSawWorld.gameTime'
[22:38:47] Error (CS1061) at 161: Type `System.TimeSpan' does not contain a definition for `totalMinutes' and no extension method `totalMinutes' of type `System.TimeSpan' could be found. Are you missing an assembly reference?
[22:38:47] ERROR STARTING RESOURCE saw
[22:38:47] System.ArgumentNullException: Value cannot be null.
Parameter name: source
  at System.Linq.Enumerable.Select[TSource,TResult] (System.Collections.Generic.IEnumerable`1[T] source, System.Func`2[T,TResult] selector) [0x00010] in <2392cff65f724abaaed9de072f62bc4a>:0 
  at GTANetworkServer.GameServer.StartResource (System.String resourceName, System.String father) [0x00a39] in <13566cfda3e944de863f8ac823770d4d>:0 
[22:39:19] Starting saw
[22:39:19] Error/warning while compiling script!
[22:39:19] Error (CS1061) at 161: Type `System.TimeSpan' does not contain a definition for `totalMinutes' and no extension method `totalMinutes' of type `System.TimeSpan' could be found. Are you missing an assembly reference?
[22:39:19] ERROR STARTING RESOURCE saw
[22:39:19] System.ArgumentNullException: Value cannot be null.
Parameter name: source
  at System.Linq.Enumerable.Select[TSource,TResult] (System.Collections.Generic.IEnumerable`1[T] source, System.Func`2[T,TResult] selector) [0x00010] in <2392cff65f724abaaed9de072f62bc4a>:0 
  at GTANetworkServer.GameServer.StartResource (System.String resourceName, System.String father) [0x00a39] in <13566cfda3e944de863f8ac823770d4d>:0 
[22:39:57] Starting saw
[22:39:57] Resource saw started!
[22:40:24] Stopping saw
[22:40:24] Stopped saw!
[22:40:24] Starting saw
[22:40:24] Resource saw started!
[22:41:40] Stopping saw
[22:41:40] Stopped saw!
[22:41:40] Starting saw
[22:41:41] Resource saw started!
[22:41:48] Stopping saw
[22:41:48] Stopped saw!
[22:41:48] Starting saw
[22:41:48] Resource saw started!
[22:42:39] Stopping saw
[22:42:39] Stopped saw!
[22:42:39] Starting saw
[22:42:40] Resource saw started!
[22:42:48] Stopping saw
[22:42:48] Stopped saw!
[22:42:48] Starting saw
[22:42:48] Resource saw started!
[22:44:22] Stopping saw
[22:44:22] Stopped saw!
[22:44:22] Starting saw
[22:44:22] Error/warning while compiling script!
[22:44:22] Error (CS0103) at 175: The name `ChatDebugInfo' does not exist in the current context
[22:44:22] ERROR STARTING RESOURCE saw
[22:44:22] System.ArgumentNullException: Value cannot be null.
Parameter name: source
  at System.Linq.Enumerable.Select[TSource,TResult] (System.Collections.Generic.IEnumerable`1[T] source, System.Func`2[T,TResult] selector) [0x00010] in <2392cff65f724abaaed9de072f62bc4a>:0 
  at GTANetworkServer.GameServer.StartResource (System.String resourceName, System.String father) [0x00a39] in <13566cfda3e944de863f8ac823770d4d>:0 
[22:47:19] Starting saw
[22:47:19] Error/warning while compiling script!
[22:47:19] Error (CS1002) at 250: ; expected
[22:47:19] ERROR STARTING RESOURCE saw
[22:47:19] System.ArgumentNullException: Value cannot be null.
Parameter name: source
  at System.Linq.Enumerable.Select[TSource,TResult] (System.Collections.Generic.IEnumerable`1[T] source, System.Func`2[T,TResult] selector) [0x00010] in <2392cff65f724abaaed9de072f62bc4a>:0 
  at GTANetworkServer.GameServer.StartResource (System.String resourceName, System.String father) [0x00a39] in <13566cfda3e944de863f8ac823770d4d>:0 
[22:47:25] Starting saw
[22:47:25] Resource saw started!
[22:47:58] Stopping saw
[22:47:58] Stopped saw!
[22:47:58] Starting saw
[22:47:58] Resource saw started!
[22:48:47] Stopping saw
[22:48:47] Stopped saw!
[22:48:47] Starting saw
[22:48:48] Resource saw started!
[22:56:34] Stopping saw
[22:56:34] Stopped saw!
[22:56:34] Starting saw
[22:56:35] Error/warning while compiling script!
[22:56:35] Error (CS8070) at 268: Control cannot fall out of switch statement through final case label `case default:'
[22:56:35] ERROR STARTING RESOURCE saw
[22:56:35] System.ArgumentNullException: Value cannot be null.
Parameter name: source
  at System.Linq.Enumerable.Select[TSource,TResult] (System.Collections.Generic.IEnumerable`1[T] source, System.Func`2[T,TResult] selector) [0x00010] in <2392cff65f724abaaed9de072f62bc4a>:0 
  at GTANetworkServer.GameServer.StartResource (System.String resourceName, System.String father) [0x00a39] in <13566cfda3e944de863f8ac823770d4d>:0 
[22:56:57] Starting saw
[22:56:57] Resource saw started!
[22:57:38] Stopping saw
[22:57:38] Stopped saw!
[22:57:38] Starting saw
[22:57:38] Resource saw started!
[22:58:05] EXCEPTION IN RESOURCE saw INSIDE SCRIPTENGINE SSawWorld
[22:58:05] System.Reflection.AmbiguousMatchException: Ambiguous match found.
  at System.RuntimeType.GetMethodImpl (System.String name, System.Reflection.BindingFlags bindingAttr, System.Reflection.Binder binder, System.Reflection.CallingConventions callConv, System.Type[] types, System.Reflection.ParameterModifier[] modifiers) [0x00071] in <dbb16e0bacdc4a0f87478e401bc29b6c>:0 
  at System.Type.GetMethod (System.String name) [0x00011] in <dbb16e0bacdc4a0f87478e401bc29b6c>:0 
  at GTANetworkServer.ScriptingEngine+<>c__DisplayClass26_0.<InvokeVoidMethod>b__0 () [0x0001e] in <13566cfda3e944de863f8ac823770d4d>:0 
  at GTANetworkServer.ScriptingEngine.MainThreadLoop () [0x0008d] in <13566cfda3e944de863f8ac823770d4d>:0 
[22:58:55] Stopping saw
[22:58:55] Stopped saw!
[22:58:55] Starting saw
[22:58:55] Resource saw started!
[23:02:13] Stopping saw
[23:02:13] Stopped saw!
[23:02:13] Starting saw
[23:02:13] Resource saw started!
[23:05:13] Stopping saw
[23:05:13] Stopped saw!
[23:05:13] Starting saw
[23:05:13] Resource saw started!
